<?xml version="1.0" encoding="UTF-8"?>
<!-- Generated by org.testng.reporters.JUnitXMLReporter -->
<testsuite hostname="Krishnas-MacBook-Pro.local" name="Default test" tests="5" failures="0" timestamp="8 Nov 2019 21:38:01 GMT" time="10.307" errors="0">
  <testcase name="getElementLocation" time="2.191" classname="com.selenium.features.ui.test.NewSeleniumFeatures"/>
  <testcase name="loadInsecureWebsite" time="0.408" classname="com.selenium.features.ui.test.NewSeleniumFeatures"/>
  <testcase name="testOpenWindowInNewTab" time="3.302" classname="com.selenium.features.ui.test.NewSeleniumFeatures"/>
  <testcase name="testScreenShotOfSingleElement" time="1.007" classname="com.selenium.features.ui.test.NewSeleniumFeatures"/>
  <testcase name="testUsageOfRelativeLocators" time="1.137" classname="com.selenium.features.ui.test.NewSeleniumFeatures"/>
</testsuite> <!-- Default test -->
